Copyright 1986-2018 Xilinx, Inc. All Rights Reserved.
-------------------------------------------------------------------------------------------
| Tool Version : Vivado v.2018.3 (lin64) Build 2405991 Thu Dec  6 23:36:41 MST 2018
| Date         : Fri Jan 25 10:21:58 2019
| Host         : xanadu running 64-bit Ubuntu 16.04.5 LTS
| Command      : report_control_sets -verbose -file LEDcpu_wrapper_control_sets_placed.rpt
| Design       : LEDcpu_wrapper
| Device       : xc7z020
-------------------------------------------------------------------------------------------

Control Set Information

Table of Contents
-----------------
1. Summary
2. Histogram
3. Flip-Flop Distribution
4. Detailed Control Set Information

1. Summary
----------

+----------------------------------------------------------+-------+
|                          Status                          | Count |
+----------------------------------------------------------+-------+
| Number of unique control sets                            |    74 |
| Unused register locations in slices containing registers |   178 |
+----------------------------------------------------------+-------+


2. Histogram
------------

+--------+--------------+
| Fanout | Control Sets |
+--------+--------------+
|      1 |            1 |
|      2 |            1 |
|      4 |           11 |
|      5 |            5 |
|      6 |            2 |
|      7 |            1 |
|      8 |           19 |
|      9 |            2 |
|     10 |            2 |
|     12 |            4 |
|     13 |            5 |
|     14 |            2 |
|     15 |            2 |
|    16+ |           17 |
+--------+--------------+


3. Flip-Flop Distribution
-------------------------

+--------------+-----------------------+------------------------+-----------------+--------------+
| Clock Enable | Synchronous Set/Reset | Asynchronous Set/Reset | Total Registers | Total Slices |
+--------------+-----------------------+------------------------+-----------------+--------------+
| No           | No                    | No                     |             233 |           81 |
| No           | No                    | Yes                    |               0 |            0 |
| No           | Yes                   | No                     |             137 |           47 |
| Yes          | No                    | No                     |             455 |          101 |
| Yes          | No                    | Yes                    |               0 |            0 |
| Yes          | Yes                   | No                     |             349 |          100 |
+--------------+-----------------------+------------------------+-----------------+--------------+


4. Detailed Control Set Information
-----------------------------------

+-----------------------------------------------+--------------------------------------------------------------------------------------------------------------------------------------------------------------+-----------------------------------------------------------------------------------------------------------------------------------------------------+------------------+----------------+
|                  Clock Signal                 |                                                                         Enable Signal                                                                        |                                                                   Set/Reset Signal                                                                  | Slice Load Count | Bel Load Count |
+-----------------------------------------------+--------------------------------------------------------------------------------------------------------------------------------------------------------------+-----------------------------------------------------------------------------------------------------------------------------------------------------+------------------+----------------+
|  LEDcpu_i/processing_system7_0/inst/FCLK_CLK0 | LEDcpu_i/ps7_0_axi_periph/s00_couplers/auto_pc/inst/gen_axilite.gen_b2s_conv.axilite_b2s/WR.aw_channel_0/aw_cmd_fsm_0/m_axi_awready_1                        | LEDcpu_i/ps7_0_axi_periph/s00_couplers/auto_pc/inst/gen_axilite.gen_b2s_conv.axilite_b2s/WR.aw_channel_0/aw_cmd_fsm_0/m_axi_awready_0               |                1 |              1 |
|  LEDcpu_i/processing_system7_0/inst/FCLK_CLK0 | LEDcpu_i/ps7_0_axi_periph/s00_couplers/auto_pc/inst/gen_axilite.gen_b2s_conv.axilite_b2s/WR.b_channel_0/bid_fifo_0/sel                                       |                                                                                                                                                     |                1 |              2 |
|  LEDcpu_i/processing_system7_0/inst/FCLK_CLK0 |                                                                                                                                                              | LEDcpu_i/rst_ps7_0_100M/U0/EXT_LPF/lpf_int                                                                                                          |                1 |              4 |
|  LEDcpu_i/processing_system7_0/inst/FCLK_CLK0 | LEDcpu_i/ws2811fader_0/inst/ws2811fader_v1_0_S_AXI_INTR_inst/intr_counter0_n_0                                                                               | LEDcpu_i/ws2811fader_0/inst/ws2811fader_v1_0_S_AXI_INTR_inst/axi_awready_i_1__0_n_0                                                                 |                1 |              4 |
|  LEDcpu_i/processing_system7_0/inst/FCLK_CLK0 | LEDcpu_i/axi_gpio_0/U0/AXI_LITE_IPIF_I/I_SLAVE_ATTACHMENT/bus2ip_addr_i[8]_i_1_n_0                                                                           | LEDcpu_i/axi_gpio_0/U0/AXI_LITE_IPIF_I/I_SLAVE_ATTACHMENT/SR[0]                                                                                     |                1 |              4 |
|  LEDcpu_i/processing_system7_0/inst/FCLK_CLK0 | LEDcpu_i/axi_gpio_1/U0/AXI_LITE_IPIF_I/I_SLAVE_ATTACHMENT/bus2ip_addr_i[8]_i_1_n_0                                                                           | LEDcpu_i/axi_gpio_1/U0/AXI_LITE_IPIF_I/I_SLAVE_ATTACHMENT/SR[0]                                                                                     |                1 |              4 |
|  LEDcpu_i/processing_system7_0/inst/FCLK_CLK0 | LEDcpu_i/axi_gpio_0/U0/AXI_LITE_IPIF_I/I_SLAVE_ATTACHMENT/start2                                                                                             | LEDcpu_i/axi_gpio_0/U0/AXI_LITE_IPIF_I/I_SLAVE_ATTACHMENT/I_DECODER/cs_ce_clr                                                                       |                1 |              4 |
|  LEDcpu_i/processing_system7_0/inst/FCLK_CLK0 | LEDcpu_i/axi_gpio_1/U0/AXI_LITE_IPIF_I/I_SLAVE_ATTACHMENT/start2                                                                                             | LEDcpu_i/axi_gpio_1/U0/AXI_LITE_IPIF_I/I_SLAVE_ATTACHMENT/I_DECODER/cs_ce_clr                                                                       |                1 |              4 |
|  LEDcpu_i/processing_system7_0/inst/FCLK_CLK0 |                                                                                                                                                              | LEDcpu_i/ps7_0_axi_periph/s00_couplers/auto_pc/inst/gen_axilite.gen_b2s_conv.axilite_b2s/SI_REG/aw.aw_pipe/aresetn_d_reg[0]_0                       |                2 |              4 |
|  LEDcpu_i/processing_system7_0/inst/FCLK_CLK0 |                                                                                                                                                              | LEDcpu_i/ps7_0_axi_periph/s00_couplers/auto_pc/inst/gen_axilite.gen_b2s_conv.axilite_b2s/SI_REG/ar.ar_pipe/aresetn_d_reg[1]_inv_0                   |                2 |              4 |
|  LEDcpu_i/processing_system7_0/inst/FCLK_CLK0 |                                                                                                                                                              | LEDcpu_i/axi_gpio_0/U0/AXI_LITE_IPIF_I/I_SLAVE_ATTACHMENT/clear                                                                                     |                1 |              4 |
|  LEDcpu_i/processing_system7_0/inst/FCLK_CLK0 |                                                                                                                                                              | LEDcpu_i/axi_gpio_1/U0/AXI_LITE_IPIF_I/I_SLAVE_ATTACHMENT/clear                                                                                     |                1 |              4 |
|  LEDcpu_i/processing_system7_0/inst/FCLK_CLK0 |                                                                                                                                                              | LEDcpu_i/ws2811fader_0/inst/ws2811fader_v1_0_S_AXI_INTR_inst/gen_intr_reg[0].reg_intr_sts[0]_i_1_n_0                                                |                2 |              4 |
|  LEDcpu_i/processing_system7_0/inst/FCLK_CLK0 | LEDcpu_i/ps7_0_axi_periph/s00_couplers/auto_pc/inst/gen_axilite.gen_b2s_conv.axilite_b2s/RD.ar_channel_0/ar_cmd_fsm_0/m_valid_i_reg                          | LEDcpu_i/ps7_0_axi_periph/s00_couplers/auto_pc/inst/gen_axilite.gen_b2s_conv.axilite_b2s/RD.ar_channel_0/ar_cmd_fsm_0/FSM_sequential_state_reg[0]_0 |                2 |              5 |
|  LEDcpu_i/processing_system7_0/inst/FCLK_CLK0 | LEDcpu_i/ws2811fader_0/inst/ws2811fader_v1_0_S00_AXI_inst/nolabel_line452/bitNum[4]_i_2_n_0                                                                  | LEDcpu_i/ws2811fader_0/inst/ws2811fader_v1_0_S00_AXI_inst/nolabel_line452/clear                                                                     |                2 |              5 |
|  LEDcpu_i/processing_system7_0/inst/FCLK_CLK0 | LEDcpu_i/axi_gpio_0/U0/AXI_LITE_IPIF_I/I_SLAVE_ATTACHMENT/I_DECODER/bus2ip_rnw_i_reg[0]                                                                      | LEDcpu_i/axi_gpio_0/U0/AXI_LITE_IPIF_I/I_SLAVE_ATTACHMENT/SR[0]                                                                                     |                1 |              5 |
|  LEDcpu_i/processing_system7_0/inst/FCLK_CLK0 | LEDcpu_i/ps7_0_axi_periph/s00_couplers/auto_pc/inst/gen_axilite.gen_b2s_conv.axilite_b2s/RD.r_channel_0/rd_data_fifo_0/E[0]                                  | LEDcpu_i/ps7_0_axi_periph/s00_couplers/auto_pc/inst/gen_axilite.gen_b2s_conv.axilite_b2s/areset_d1                                                  |                2 |              5 |
|  LEDcpu_i/processing_system7_0/inst/FCLK_CLK0 | LEDcpu_i/ps7_0_axi_periph/s00_couplers/auto_pc/inst/gen_axilite.gen_b2s_conv.axilite_b2s/RD.r_channel_0/rd_data_fifo_0/cnt_read[4]_i_1_n_0                   | LEDcpu_i/ps7_0_axi_periph/s00_couplers/auto_pc/inst/gen_axilite.gen_b2s_conv.axilite_b2s/areset_d1                                                  |                2 |              5 |
|  LEDcpu_i/processing_system7_0/inst/FCLK_CLK0 |                                                                                                                                                              | LEDcpu_i/ws2811fader_0/inst/ws2811fader_v1_0_S00_AXI_inst/axi_awready_i_1_n_0                                                                       |                3 |              6 |
|  LEDcpu_i/processing_system7_0/inst/FCLK_CLK0 | LEDcpu_i/rst_ps7_0_100M/U0/SEQ/seq_cnt_en                                                                                                                    | LEDcpu_i/rst_ps7_0_100M/U0/SEQ/SEQ_COUNTER/clear                                                                                                    |                2 |              6 |
|  LEDcpu_i/processing_system7_0/inst/FCLK_CLK0 | LEDcpu_i/ws2811fader_0/inst/ws2811fader_v1_0_S00_AXI_inst/nolabel_line452/state_reg_n_0                                                                      | LEDcpu_i/ws2811fader_0/inst/ws2811fader_v1_0_S00_AXI_inst/nolabel_line452/interBitClk[6]_i_1_n_0                                                    |                2 |              7 |
|  LEDcpu_i/processing_system7_0/inst/FCLK_CLK0 | LEDcpu_i/ws2811fader_0/inst/ws2811fader_v1_0_S00_AXI_inst/slv_reg2[23]_i_1_n_0                                                                               | LEDcpu_i/ws2811fader_0/inst/ws2811fader_v1_0_S00_AXI_inst/axi_awready_i_1_n_0                                                                       |                2 |              8 |
|  LEDcpu_i/processing_system7_0/inst/FCLK_CLK0 | LEDcpu_i/ws2811fader_0/inst/ws2811fader_v1_0_S00_AXI_inst/slv_reg2[31]_i_1_n_0                                                                               | LEDcpu_i/ws2811fader_0/inst/ws2811fader_v1_0_S00_AXI_inst/axi_awready_i_1_n_0                                                                       |                3 |              8 |
|  LEDcpu_i/processing_system7_0/inst/FCLK_CLK0 | LEDcpu_i/axi_gpio_0/U0/AXI_LITE_IPIF_I/I_SLAVE_ATTACHMENT/I_DECODER/bus2ip_rnw_i_reg_1[0]                                                                    | LEDcpu_i/axi_gpio_0/U0/AXI_LITE_IPIF_I/I_SLAVE_ATTACHMENT/SR[0]                                                                                     |                2 |              8 |
|  LEDcpu_i/processing_system7_0/inst/FCLK_CLK0 | LEDcpu_i/ws2811fader_0/inst/ws2811fader_v1_0_S00_AXI_inst/slv_reg2[7]_i_1_n_0                                                                                | LEDcpu_i/ws2811fader_0/inst/ws2811fader_v1_0_S00_AXI_inst/axi_awready_i_1_n_0                                                                       |                1 |              8 |
|  LEDcpu_i/processing_system7_0/inst/FCLK_CLK0 | LEDcpu_i/ws2811fader_0/inst/ws2811fader_v1_0_S00_AXI_inst/ctrl[31]_i_1_n_0                                                                                   | LEDcpu_i/ws2811fader_0/inst/ws2811fader_v1_0_S00_AXI_inst/axi_awready_i_1_n_0                                                                       |                2 |              8 |
|  LEDcpu_i/processing_system7_0/inst/FCLK_CLK0 | LEDcpu_i/ws2811fader_0/inst/ws2811fader_v1_0_S00_AXI_inst/ctrl[23]_i_1_n_0                                                                                   | LEDcpu_i/ws2811fader_0/inst/ws2811fader_v1_0_S00_AXI_inst/axi_awready_i_1_n_0                                                                       |                1 |              8 |
|  LEDcpu_i/processing_system7_0/inst/FCLK_CLK0 | LEDcpu_i/ws2811fader_0/inst/ws2811fader_v1_0_S00_AXI_inst/slv_reg1[31]_i_1_n_0                                                                               | LEDcpu_i/ws2811fader_0/inst/ws2811fader_v1_0_S00_AXI_inst/axi_awready_i_1_n_0                                                                       |                1 |              8 |
|  LEDcpu_i/processing_system7_0/inst/FCLK_CLK0 | LEDcpu_i/ws2811fader_0/inst/ws2811fader_v1_0_S00_AXI_inst/slv_reg3[23]_i_1_n_0                                                                               | LEDcpu_i/ws2811fader_0/inst/ws2811fader_v1_0_S00_AXI_inst/axi_awready_i_1_n_0                                                                       |                2 |              8 |
|  LEDcpu_i/processing_system7_0/inst/FCLK_CLK0 | LEDcpu_i/ws2811fader_0/inst/ws2811fader_v1_0_S00_AXI_inst/slv_reg1[23]_i_1_n_0                                                                               | LEDcpu_i/ws2811fader_0/inst/ws2811fader_v1_0_S00_AXI_inst/axi_awready_i_1_n_0                                                                       |                1 |              8 |
|  LEDcpu_i/processing_system7_0/inst/FCLK_CLK0 | LEDcpu_i/ps7_0_axi_periph/s00_couplers/auto_pc/inst/gen_axilite.gen_b2s_conv.axilite_b2s/WR.b_channel_0/mhandshake_r                                         | LEDcpu_i/ps7_0_axi_periph/s00_couplers/auto_pc/inst/gen_axilite.gen_b2s_conv.axilite_b2s/WR.b_channel_0/bid_fifo_0/SR[0]                            |                2 |              8 |
|  LEDcpu_i/processing_system7_0/inst/FCLK_CLK0 | LEDcpu_i/ws2811fader_0/inst/ws2811fader_v1_0_S00_AXI_inst/ctrl[7]_i_1_n_0                                                                                    | LEDcpu_i/ws2811fader_0/inst/ws2811fader_v1_0_S00_AXI_inst/axi_awready_i_1_n_0                                                                       |                1 |              8 |
|  LEDcpu_i/processing_system7_0/inst/FCLK_CLK0 | LEDcpu_i/ws2811fader_0/inst/ws2811fader_v1_0_S00_AXI_inst/ctrl[15]_i_1_n_0                                                                                   | LEDcpu_i/ws2811fader_0/inst/ws2811fader_v1_0_S00_AXI_inst/axi_awready_i_1_n_0                                                                       |                1 |              8 |
|  LEDcpu_i/processing_system7_0/inst/FCLK_CLK0 | LEDcpu_i/ws2811fader_0/inst/ws2811fader_v1_0_S00_AXI_inst/slv_reg1[15]_i_1_n_0                                                                               | LEDcpu_i/ws2811fader_0/inst/ws2811fader_v1_0_S00_AXI_inst/axi_awready_i_1_n_0                                                                       |                2 |              8 |
|  LEDcpu_i/processing_system7_0/inst/FCLK_CLK0 |                                                                                                                                                              | LEDcpu_i/axi_gpio_1/U0/gpio_core_1/Read_Reg_Rst__0                                                                                                  |                1 |              8 |
|  LEDcpu_i/processing_system7_0/inst/FCLK_CLK0 | LEDcpu_i/ws2811fader_0/inst/ws2811fader_v1_0_S00_AXI_inst/slv_reg3[7]_i_1_n_0                                                                                | LEDcpu_i/ws2811fader_0/inst/ws2811fader_v1_0_S00_AXI_inst/axi_awready_i_1_n_0                                                                       |                3 |              8 |
|  LEDcpu_i/processing_system7_0/inst/FCLK_CLK0 | LEDcpu_i/ws2811fader_0/inst/ws2811fader_v1_0_S00_AXI_inst/slv_reg2[15]_i_1_n_0                                                                               | LEDcpu_i/ws2811fader_0/inst/ws2811fader_v1_0_S00_AXI_inst/axi_awready_i_1_n_0                                                                       |                2 |              8 |
|  LEDcpu_i/processing_system7_0/inst/FCLK_CLK0 | LEDcpu_i/ws2811fader_0/inst/ws2811fader_v1_0_S00_AXI_inst/slv_reg1[7]_i_1_n_0                                                                                | LEDcpu_i/ws2811fader_0/inst/ws2811fader_v1_0_S00_AXI_inst/axi_awready_i_1_n_0                                                                       |                2 |              8 |
|  LEDcpu_i/processing_system7_0/inst/FCLK_CLK0 | LEDcpu_i/ws2811fader_0/inst/ws2811fader_v1_0_S00_AXI_inst/slv_reg3[15]_i_1_n_0                                                                               | LEDcpu_i/ws2811fader_0/inst/ws2811fader_v1_0_S00_AXI_inst/axi_awready_i_1_n_0                                                                       |                3 |              8 |
|  LEDcpu_i/processing_system7_0/inst/FCLK_CLK0 | LEDcpu_i/ws2811fader_0/inst/ws2811fader_v1_0_S00_AXI_inst/slv_reg3[31]_i_1_n_0                                                                               | LEDcpu_i/ws2811fader_0/inst/ws2811fader_v1_0_S00_AXI_inst/axi_awready_i_1_n_0                                                                       |                3 |              8 |
|  LEDcpu_i/processing_system7_0/inst/FCLK_CLK0 | LEDcpu_i/axi_gpio_1/U0/AXI_LITE_IPIF_I/I_SLAVE_ATTACHMENT/s_axi_rresp_i                                                                                      | LEDcpu_i/axi_gpio_1/U0/AXI_LITE_IPIF_I/I_SLAVE_ATTACHMENT/SR[0]                                                                                     |                2 |              9 |
|  LEDcpu_i/processing_system7_0/inst/FCLK_CLK0 | LEDcpu_i/axi_gpio_0/U0/AXI_LITE_IPIF_I/I_SLAVE_ATTACHMENT/s_axi_rresp_i                                                                                      | LEDcpu_i/axi_gpio_0/U0/AXI_LITE_IPIF_I/I_SLAVE_ATTACHMENT/SR[0]                                                                                     |                3 |              9 |
|  LEDcpu_i/processing_system7_0/inst/FCLK_CLK0 | LEDcpu_i/ws2811fader_0/inst/ws2811fader_v1_0_S00_AXI_inst/nolabel_line452/curLed                                                                             | LEDcpu_i/ws2811fader_0/inst/ws2811fader_v1_0_S00_AXI_inst/nolabel_line452/clear                                                                     |                3 |             10 |
|  LEDcpu_i/processing_system7_0/inst/FCLK_CLK0 |                                                                                                                                                              | LEDcpu_i/ps7_0_axi_periph/s00_couplers/auto_pc/inst/gen_axilite.gen_b2s_conv.axilite_b2s/areset_d1                                                  |                4 |             10 |
|  LEDcpu_i/processing_system7_0/inst/FCLK_CLK0 | LEDcpu_i/ps7_0_axi_periph/s00_couplers/auto_pc/inst/gen_axilite.gen_b2s_conv.axilite_b2s/WR.aw_channel_0/aw_cmd_fsm_0/E[0]                                   |                                                                                                                                                     |                4 |             12 |
|  LEDcpu_i/processing_system7_0/inst/FCLK_CLK0 | LEDcpu_i/ps7_0_axi_periph/s00_couplers/auto_pc/inst/gen_axilite.gen_b2s_conv.axilite_b2s/RD.ar_channel_0/ar_cmd_fsm_0/sel_first_reg[0]                       |                                                                                                                                                     |                2 |             12 |
|  LEDcpu_i/processing_system7_0/inst/FCLK_CLK0 | LEDcpu_i/ps7_0_axi_periph/s00_couplers/auto_pc/inst/gen_axilite.gen_b2s_conv.axilite_b2s/RD.ar_channel_0/ar_cmd_fsm_0/E[0]                                   |                                                                                                                                                     |                6 |             12 |
|  LEDcpu_i/processing_system7_0/inst/FCLK_CLK0 | LEDcpu_i/ps7_0_axi_periph/s00_couplers/auto_pc/inst/gen_axilite.gen_b2s_conv.axilite_b2s/WR.aw_channel_0/cmd_translator_0/incr_cmd_0/axaddr_incr[11]_i_1_n_0 |                                                                                                                                                     |                2 |             12 |
|  LEDcpu_i/processing_system7_0/inst/FCLK_CLK0 | LEDcpu_i/ws2811fader_0/inst/ws2811fader_v1_0_S00_AXI_inst/axi_arready0                                                                                       | LEDcpu_i/ws2811fader_0/inst/ws2811fader_v1_0_S00_AXI_inst/axi_awready_i_1_n_0                                                                       |                2 |             13 |
|  LEDcpu_i/processing_system7_0/inst/FCLK_CLK0 | LEDcpu_i/ps7_0_axi_periph/s00_couplers/auto_pc/inst/gen_axilite.gen_b2s_conv.axilite_b2s/RD.r_channel_0/r_push_r                                             |                                                                                                                                                     |                4 |             13 |
|  LEDcpu_i/processing_system7_0/inst/FCLK_CLK0 |                                                                                                                                                              | LEDcpu_i/ps7_0_axi_periph/xbar/inst/gen_sasd.crossbar_sasd_0/addr_arbiter_inst/SR[0]                                                                |                4 |             13 |
|  LEDcpu_i/processing_system7_0/inst/FCLK_CLK0 |                                                                                                                                                              | LEDcpu_i/axi_gpio_0/U0/AXI_LITE_IPIF_I/I_SLAVE_ATTACHMENT/I_DECODER/bus2ip_rnw_i_reg_2                                                              |                5 |             13 |
|  LEDcpu_i/processing_system7_0/inst/FCLK_CLK0 | LEDcpu_i/ws2811fader_0/inst/ws2811fader_v1_0_S00_AXI_inst/axi_awready0                                                                                       | LEDcpu_i/ws2811fader_0/inst/ws2811fader_v1_0_S00_AXI_inst/axi_awready_i_1_n_0                                                                       |                4 |             13 |
|  LEDcpu_i/processing_system7_0/inst/FCLK_CLK0 | LEDcpu_i/ps7_0_axi_periph/s00_couplers/auto_pc/inst/gen_axilite.gen_b2s_conv.axilite_b2s/SI_REG/b.b_pipe/p_1_in                                              |                                                                                                                                                     |                2 |             14 |
|  LEDcpu_i/processing_system7_0/inst/FCLK_CLK0 | LEDcpu_i/ps7_0_axi_periph/s00_couplers/auto_pc/inst/gen_axilite.gen_b2s_conv.axilite_b2s/SI_REG/b.b_pipe/s_ready_i_reg_0                                     |                                                                                                                                                     |                2 |             14 |
|  LEDcpu_i/processing_system7_0/inst/FCLK_CLK0 | LEDcpu_i/ws2811fader_0/inst/ws2811fader_v1_0_S00_AXI_inst/nolabel_line452/interPrefaceClk[0]_i_2_n_0                                                         | LEDcpu_i/ws2811fader_0/inst/ws2811fader_v1_0_S00_AXI_inst/nolabel_line452/interPrefaceClk[0]_i_1_n_0                                                |                4 |             15 |
|  LEDcpu_i/processing_system7_0/inst/FCLK_CLK0 |                                                                                                                                                              | LEDcpu_i/ws2811fader_0/inst/ws2811fader_v1_0_S_AXI_INTR_inst/axi_awready_i_1__0_n_0                                                                 |                5 |             15 |
|  LEDcpu_i/processing_system7_0/inst/FCLK_CLK0 | LEDcpu_i/axi_gpio_1/U0/AXI_LITE_IPIF_I/I_SLAVE_ATTACHMENT/I_DECODER/E[0]                                                                                     | LEDcpu_i/axi_gpio_1/U0/AXI_LITE_IPIF_I/I_SLAVE_ATTACHMENT/SR[0]                                                                                     |                4 |             16 |
|  LEDcpu_i/processing_system7_0/inst/FCLK_CLK0 | LEDcpu_i/ps7_0_axi_periph/s00_couplers/auto_pc/inst/gen_axilite.gen_b2s_conv.axilite_b2s/WR.aw_channel_0/aw_cmd_fsm_0/b_push                                 |                                                                                                                                                     |                3 |             16 |
|  LEDcpu_i/processing_system7_0/inst/FCLK_CLK0 | LEDcpu_i/ps7_0_axi_periph/s00_couplers/auto_pc/inst/gen_axilite.gen_b2s_conv.axilite_b2s/RD.ar_channel_0/ar_cmd_fsm_0/m_valid_i_reg                          |                                                                                                                                                     |                8 |             21 |
|  LEDcpu_i/processing_system7_0/inst/FCLK_CLK0 |                                                                                                                                                              | LEDcpu_i/axi_gpio_0/U0/AXI_LITE_IPIF_I/I_SLAVE_ATTACHMENT/SR[0]                                                                                     |                7 |             24 |
|  LEDcpu_i/processing_system7_0/inst/FCLK_CLK0 |                                                                                                                                                              | LEDcpu_i/axi_gpio_1/U0/AXI_LITE_IPIF_I/I_SLAVE_ATTACHMENT/SR[0]                                                                                     |                9 |             24 |
|  LEDcpu_i/processing_system7_0/inst/FCLK_CLK0 | LEDcpu_i/ps7_0_axi_periph/s00_couplers/auto_pc/inst/gen_axilite.gen_b2s_conv.axilite_b2s/WR.aw_channel_0/aw_cmd_fsm_0/m_axi_awready_1                        |                                                                                                                                                     |               10 |             25 |
|  LEDcpu_i/processing_system7_0/inst/FCLK_CLK0 | LEDcpu_i/ps7_0_axi_periph/xbar/inst/gen_sasd.crossbar_sasd_0/addr_arbiter_inst/p_0_in1_in                                                                    | LEDcpu_i/ps7_0_axi_periph/xbar/inst/gen_sasd.crossbar_sasd_0/addr_arbiter_inst/SR[0]                                                                |               10 |             29 |
|  LEDcpu_i/processing_system7_0/inst/FCLK_CLK0 | LEDcpu_i/ws2811fader_0/inst/ws2811fader_v1_0_S00_AXI_inst/slv_reg_rden__0                                                                                    | LEDcpu_i/ws2811fader_0/inst/ws2811fader_v1_0_S00_AXI_inst/axi_awready_i_1_n_0                                                                       |               15 |             32 |
|  LEDcpu_i/processing_system7_0/inst/FCLK_CLK0 | LEDcpu_i/ps7_0_axi_periph/s00_couplers/auto_pc/inst/gen_axilite.gen_b2s_conv.axilite_b2s/RD.r_channel_0/rd_data_fifo_0/wr_en0                                |                                                                                                                                                     |                9 |             34 |
|  LEDcpu_i/processing_system7_0/inst/FCLK_CLK0 | LEDcpu_i/ps7_0_axi_periph/xbar/inst/gen_sasd.crossbar_sasd_0/addr_arbiter_inst/E[0]                                                                          |                                                                                                                                                     |                6 |             35 |
|  LEDcpu_i/processing_system7_0/inst/FCLK_CLK0 | LEDcpu_i/ps7_0_axi_periph/s00_couplers/auto_pc/inst/gen_axilite.gen_b2s_conv.axilite_b2s/SI_REG/r.r_pipe/s_ready_i_reg_0                                     |                                                                                                                                                     |                9 |             47 |
|  LEDcpu_i/processing_system7_0/inst/FCLK_CLK0 | LEDcpu_i/ps7_0_axi_periph/s00_couplers/auto_pc/inst/gen_axilite.gen_b2s_conv.axilite_b2s/SI_REG/r.r_pipe/p_1_in                                              |                                                                                                                                                     |                7 |             47 |
|  LEDcpu_i/processing_system7_0/inst/FCLK_CLK0 | LEDcpu_i/ps7_0_axi_periph/s00_couplers/auto_pc/inst/gen_axilite.gen_b2s_conv.axilite_b2s/SI_REG/aw.aw_pipe/s_ready_i_reg_0                                   |                                                                                                                                                     |               10 |             51 |
|  LEDcpu_i/processing_system7_0/inst/FCLK_CLK0 | LEDcpu_i/ps7_0_axi_periph/s00_couplers/auto_pc/inst/gen_axilite.gen_b2s_conv.axilite_b2s/SI_REG/ar.ar_pipe/s_ready_i_reg_0                                   |                                                                                                                                                     |               14 |             51 |
|  LEDcpu_i/processing_system7_0/inst/FCLK_CLK0 | LEDcpu_i/ps7_0_axi_periph/s00_couplers/auto_pc/inst/gen_axilite.gen_b2s_conv.axilite_b2s/WR.aw_channel_0/aw_cmd_fsm_0/m_valid_i_reg[0]                       |                                                                                                                                                     |                7 |             51 |
|  LEDcpu_i/processing_system7_0/inst/FCLK_CLK0 | LEDcpu_i/ps7_0_axi_periph/s00_couplers/auto_pc/inst/gen_axilite.gen_b2s_conv.axilite_b2s/RD.ar_channel_0/ar_cmd_fsm_0/FSM_sequential_state_reg[1]_0[0]       |                                                                                                                                                     |               12 |             51 |
|  LEDcpu_i/processing_system7_0/inst/FCLK_CLK0 |                                                                                                                                                              |                                                                                                                                                     |               82 |            234 |
+-----------------------------------------------+--------------------------------------------------------------------------------------------------------------------------------------------------------------+-----------------------------------------------------------------------------------------------------------------------------------------------------+------------------+----------------+


